<?xml version="1.0" encoding="UTF-8"?>
<testng-results ignored="0" total="2" passed="1" failed="1" skipped="0">
  <reporter-output>
  </reporter-output>
  <suite started-at="2025-09-16T11:36:14 IST" name="Suite" finished-at="2025-09-16T11:36:35 IST" duration-ms="20223">
    <groups>
    </groups>
    <test started-at="2025-09-16T11:36:14 IST" name="Test" finished-at="2025-09-16T11:36:35 IST" duration-ms="20223">
      <class name="testScript.ManageCategoryTest">
        <test-method is-config="true" signature="browserIntialisation(java.lang.String)[pri:0, instance:testScript.ManageCategoryTest@51399530]" started-at="2025-09-16T11:36:15 IST" name="browserIntialisation" finished-at="2025-09-16T11:36:18 IST" duration-ms="3036" status="PASS">
          <params>
            <param index="0">
              <value>
                <![CDATA[chrome]]>
              </value>
            </param>
          </params>
          <reporter-output>
          </reporter-output>
        </test-method> <!-- browserIntialisation -->
        <test-method signature="addNewCategoryInManageCategoryTest()[pri:1, instance:testScript.ManageCategoryTest@51399530]" started-at="2025-09-16T11:36:18 IST" name="addNewCategoryInManageCategoryTest" description="To add Manage category information " finished-at="2025-09-16T11:36:29 IST" duration-ms="11140" status="FAIL">
          <exception class="java.lang.AssertionError">
            <message>
              <![CDATA[After updating the category alert is not displayed expected [true] but found [false]]]>
            </message>
            <full-stacktrace>
              <![CDATA[java.lang.AssertionError: After updating the category alert is not displayed expected [true] but found [false]
at org.testng.Assert.fail(Assert.java:111)
at org.testng.Assert.failNotEquals(Assert.java:1590)
at org.testng.Assert.assertTrue(Assert.java:57)
at testScript.ManageCategoryTest.addNewCategoryInManageCategoryTest(ManageCategoryTest.java:32)
at java.base/jdk.internal.reflect.DirectMethodHandleAccessor.invoke(DirectMethodHandleAccessor.java:103)
at java.base/java.lang.reflect.Method.invoke(Method.java:580)
at org.testng.internal.invokers.MethodInvocationHelper.invokeMethod(MethodInvocationHelper.java:141)
at org.testng.internal.invokers.TestInvoker.invokeMethod(TestInvoker.java:687)
at org.testng.internal.invokers.TestInvoker.invokeTestMethod(TestInvoker.java:230)
at org.testng.internal.invokers.MethodRunner.runInSequence(MethodRunner.java:63)
at org.testng.internal.invokers.TestInvoker$MethodInvocationAgent.invoke(TestInvoker.java:995)
at org.testng.internal.invokers.TestInvoker.invokeTestMethods(TestInvoker.java:203)
at org.testng.internal.invokers.TestMethodWorker.invokeTestMethods(TestMethodWorker.java:154)
at org.testng.internal.invokers.TestMethodWorker.run(TestMethodWorker.java:134)
at java.base/java.util.ArrayList.forEach(ArrayList.java:1596)
at org.testng.TestRunner.privateRun(TestRunner.java:741)
at org.testng.TestRunner.run(TestRunner.java:616)
at org.testng.SuiteRunner.runTest(SuiteRunner.java:421)
at org.testng.SuiteRunner.runSequentially(SuiteRunner.java:413)
at org.testng.SuiteRunner.privateRun(SuiteRunner.java:373)
at org.testng.SuiteRunner.run(SuiteRunner.java:312)
at org.testng.SuiteRunnerWorker.runSuite(SuiteRunnerWorker.java:52)
at org.testng.SuiteRunnerWorker.run(SuiteRunnerWorker.java:95)
at org.testng.TestNG.runSuitesSequentially(TestNG.java:1274)
at org.testng.TestNG.runSuitesLocally(TestNG.java:1208)
at org.testng.TestNG.runSuites(TestNG.java:1112)
at org.testng.TestNG.run(TestNG.java:1079)
at org.testng.remote.AbstractRemoteTestNG.run(AbstractRemoteTestNG.java:115)
at org.testng.remote.RemoteTestNG.initAndRun(RemoteTestNG.java:293)
at org.testng.remote.RemoteTestNG.main(RemoteTestNG.java:91)
]]>
            </full-stacktrace>
          </exception> <!-- java.lang.AssertionError -->
          <reporter-output>
          </reporter-output>
        </test-method> <!-- addNewCategoryInManageCategoryTest -->
        <test-method is-config="true" signature="quitandClose(org.testng.ITestResult)[pri:0, instance:testScript.ManageCategoryTest@51399530]" started-at="2025-09-16T11:36:29 IST" name="quitandClose" finished-at="2025-09-16T11:36:29 IST" duration-ms="694" status="PASS">
          <params>
            <param index="0">
              <value>
                <![CDATA[[TestResult name=addNewCategoryInManageCategoryTest status=FAILURE method=ManageCategoryTest.addNewCategoryInManageCategoryTest()[pri:1, instance:testScript.ManageCategoryTest@51399530] output={null}]]]>
              </value>
            </param>
          </params>
          <reporter-output>
          </reporter-output>
        </test-method> <!-- quitandClose -->
        <test-method is-config="true" signature="browserIntialisation(java.lang.String)[pri:0, instance:testScript.ManageCategoryTest@51399530]" started-at="2025-09-16T11:36:29 IST" name="browserIntialisation" finished-at="2025-09-16T11:36:32 IST" duration-ms="2127" status="PASS">
          <params>
            <param index="0">
              <value>
                <![CDATA[chrome]]>
              </value>
            </param>
          </params>
          <reporter-output>
          </reporter-output>
        </test-method> <!-- browserIntialisation -->
        <test-method signature="uploadImageOfAnExistingCategoryInManageCategoryTest()[pri:2, instance:testScript.ManageCategoryTest@51399530]" started-at="2025-09-16T11:36:32 IST" name="uploadImageOfAnExistingCategoryInManageCategoryTest" description="To upload image in managecategory page" finished-at="2025-09-16T11:36:34 IST" duration-ms="2928" status="PASS">
          <reporter-output>
          </reporter-output>
        </test-method> <!-- uploadImageOfAnExistingCategoryInManageCategoryTest -->
        <test-method is-config="true" signature="quitandClose(org.testng.ITestResult)[pri:0, instance:testScript.ManageCategoryTest@51399530]" started-at="2025-09-16T11:36:34 IST" name="quitandClose" finished-at="2025-09-16T11:36:35 IST" duration-ms="251" status="PASS">
          <params>
            <param index="0">
              <value>
                <![CDATA[[TestResult name=uploadImageOfAnExistingCategoryInManageCategoryTest status=SUCCESS method=ManageCategoryTest.uploadImageOfAnExistingCategoryInManageCategoryTest()[pri:2, instance:testScript.ManageCategoryTest@51399530] output={null}]]]>
              </value>
            </param>
          </params>
          <reporter-output>
          </reporter-output>
        </test-method> <!-- quitandClose -->
      </class> <!-- testScript.ManageCategoryTest -->
    </test> <!-- Test -->
  </suite> <!-- Suite -->
</testng-results>
